[20-10-16 00:01:54:054] ERROR (BrowserLauncher.java:86) - Webdriver failed to capture screen shot
org.openqa.selenium.remote.UnreachableBrowserException: Error communicating with the remote browser. It may have died.
Build info: version: '2.53.0', revision: '35ae25b', time: '2016-03-15 17:00:58'
System info: host: 'deinpuma1171', ip: '10.113.4.80', os.name: 'Windows 7', os.arch: 'amd64', os.version: '6.1', java.version: '1.7.0_67'
Driver info: driver.version: FirefoxDriver
Session ID: 19f26ace-ba4e-4a03-912a-6786d1ae7940
Capabilities [{platform=WINDOWS, acceptSslCerts=true, javascriptEnabled=true, cssSelectorsEnabled=true, databaseEnabled=true, browserName=firefox, handlesAlerts=true, nativeEvents=false, webStorageEnabled=true, rotatable=false, locationContextEnabled=true, applicationCacheEnabled=true, takesScreenshot=true, version=46.0}]
	at org.openqa.selenium.remote.RemoteWebDriver.execute(RemoteWebDriver.java:665)
	at org.openqa.selenium.remote.RemoteWebDriver.execute(RemoteWebDriver.java:701)
	at org.openqa.selenium.firefox.FirefoxDriver.getScreenshotAs(FirefoxDriver.java:341)
	at com.webdriverfw.Libraries.BrowserLauncher.takeBrowserScreenshot(BrowserLauncher.java:67)
	at com.webdriverfw.Libraries.BrowserLauncher.takeScreenshot(BrowserLauncher.java:44)
	at com.webdriverfw.Libraries.QualitiaSelenium.wdTakeScreenshot(QualitiaSelenium.java:341)
	at com.webdriverfw.Libraries.QualitiaSelenium.takeScreenshot(QualitiaSelenium.java:333)
	at com.webdriverfw.Libraries.QualitiaTestCase.executeTestCase(QualitiaTestCase.java:585)
	at com.webdriverfw.Libraries.QualitiaTestCase.testTestCase(QualitiaTestCase.java:54)
	at sun.reflect.NativeMethodAccessorImpl.invoke0(Native Method)
	at sun.reflect.NativeMethodAccessorImpl.invoke(Unknown Source)
	at sun.reflect.DelegatingMethodAccessorImpl.invoke(Unknown Source)
	at java.lang.reflect.Method.invoke(Unknown Source)
	at org.junit.runners.model.FrameworkMethod$1.runReflectiveCall(FrameworkMethod.java:44)
	at org.junit.internal.runners.model.ReflectiveCallable.run(ReflectiveCallable.java:15)
	at org.junit.runners.model.FrameworkMethod.invokeExplosively(FrameworkMethod.java:41)
	at org.junit.internal.runners.statements.InvokeMethod.evaluate(InvokeMethod.java:20)
	at org.junit.internal.runners.statements.RunBefores.evaluate(RunBefores.java:28)
	at org.junit.internal.runners.statements.RunAfters.evaluate(RunAfters.java:31)
	at org.junit.runners.BlockJUnit4ClassRunner.runChild(BlockJUnit4ClassRunner.java:76)
	at org.junit.runners.BlockJUnit4ClassRunner.runChild(BlockJUnit4ClassRunner.java:50)
	at org.junit.runners.ParentRunner$3.run(ParentRunner.java:193)
	at org.junit.runners.ParentRunner$1.schedule(ParentRunner.java:52)
	at org.junit.runners.ParentRunner.runChildren(ParentRunner.java:191)
	at org.junit.runners.ParentRunner.access$000(ParentRunner.java:42)
	at org.junit.runners.ParentRunner$2.evaluate(ParentRunner.java:184)
	at org.junit.runners.ParentRunner.run(ParentRunner.java:236)
	at org.junit.runners.Suite.runChild(Suite.java:128)
	at org.junit.runners.Suite.runChild(Suite.java:24)
	at org.junit.runners.ParentRunner$3.run(ParentRunner.java:193)
	at org.junit.runners.ParentRunner$1.schedule(ParentRunner.java:52)
	at org.junit.runners.ParentRunner.runChildren(ParentRunner.java:191)
	at org.junit.runners.ParentRunner.access$000(ParentRunner.java:42)
	at org.junit.runners.ParentRunner$2.evaluate(ParentRunner.java:184)
	at org.junit.runners.ParentRunner.run(ParentRunner.java:236)
	at org.junit.runner.JUnitCore.run(JUnitCore.java:157)
	at org.junit.runner.JUnitCore.run(JUnitCore.java:136)
	at org.junit.runner.JUnitCore.run(JUnitCore.java:127)
	at org.junit.runner.JUnitCore.runClasses(JUnitCore.java:76)
	at com.webdriverfw.Driver.Controller.execute(Controller.java:1178)
	at com.webdriverfw.Driver.callController.executeOffline(callController.java:282)
	at com.webdriverfw.Driver.QualitiaOffline.webdriverExecution(QualitiaOffline.java:764)
	at com.webdriverfw.Driver.QualitiaOffline.main(QualitiaOffline.java:148)
Caused by: java.net.SocketTimeoutException: Read timed out
	at java.net.SocketInputStream.socketRead0(Native Method)
	at java.net.SocketInputStream.read(Unknown Source)
	at java.net.SocketInputStream.read(Unknown Source)
	at org.apache.http.impl.io.SessionInputBufferImpl.streamRead(SessionInputBufferImpl.java:139)
	at org.apache.http.impl.io.SessionInputBufferImpl.fillBuffer(SessionInputBufferImpl.java:155)
	at org.apache.http.impl.io.SessionInputBufferImpl.readLine(SessionInputBufferImpl.java:284)
	at org.apache.http.impl.conn.DefaultHttpResponseParser.parseHead(DefaultHttpResponseParser.java:140)
	at org.apache.http.impl.conn.DefaultHttpResponseParser.parseHead(DefaultHttpResponseParser.java:57)
	at org.apache.http.impl.io.AbstractMessageParser.parse(AbstractMessageParser.java:261)
	at org.apache.http.impl.DefaultBHttpClientConnection.receiveResponseHeader(DefaultBHttpClientConnection.java:165)
	at org.apache.http.impl.conn.CPoolProxy.receiveResponseHeader(CPoolProxy.java:167)
	at org.apache.http.protocol.HttpRequestExecutor.doReceiveResponse(HttpRequestExecutor.java:272)
	at org.apache.http.protocol.HttpRequestExecutor.execute(HttpRequestExecutor.java:124)
	at org.apache.http.impl.execchain.MainClientExec.execute(MainClientExec.java:271)
	at org.apache.http.impl.execchain.ProtocolExec.execute(ProtocolExec.java:184)
	at org.apache.http.impl.execchain.RetryExec.execute(RetryExec.java:88)
	at org.apache.http.impl.execchain.RedirectExec.execute(RedirectExec.java:110)
	at org.apache.http.impl.client.InternalHttpClient.doExecute(InternalHttpClient.java:184)
	at org.apache.http.impl.client.CloseableHttpClient.execute(CloseableHttpClient.java:71)
	at org.apache.http.impl.client.CloseableHttpClient.execute(CloseableHttpClient.java:55)
	at org.openqa.selenium.remote.internal.ApacheHttpClient.fallBackExecute(ApacheHttpClient.java:144)
	at org.openqa.selenium.remote.internal.ApacheHttpClient.execute(ApacheHttpClient.java:90)
	at org.openqa.selenium.remote.HttpCommandExecutor.execute(HttpCommandExecutor.java:142)
	at org.openqa.selenium.firefox.internal.NewProfileExtensionConnection.execute(NewProfileExtensionConnection.java:160)
	at org.openqa.selenium.firefox.FirefoxDriver$LazyCommandExecutor.execute(FirefoxDriver.java:380)
	at org.openqa.selenium.remote.RemoteWebDriver.execute(RemoteWebDriver.java:644)
	... 42 more
[20-10-16 00:02:35:035] DEBUG (QualitiaTestCase.java:1240) - Select Frames starts at ::10/20/2016 12:02:35 465
[20-10-16 00:02:35:035] DEBUG (QualitiaTestCase.java:1258) - Select Frames ends at ::10/20/2016 12:02:35 517
[20-10-16 00:02:35:035] WARN  (FwUtil.java:160) - Error in evaluating resolveSpecialCharactersAndVariables Value returned is null. Error Message=|Key ServiceType_Value does not exist|
[20-10-16 00:02:35:035] DEBUG (QualitiaSelenium.java:329) - takeScreenshot >>webdriver
[20-10-16 05:22:26:026] ERROR (BrowserLauncher.java:86) - Webdriver failed to capture screen shot
org.openqa.selenium.remote.UnreachableBrowserException: Error communicating with the remote browser. It may have died.
Build info: version: '2.53.0', revision: '35ae25b', time: '2016-03-15 17:00:58'
System info: host: 'deinpuma1171', ip: '10.113.4.80', os.name: 'Windows 7', os.arch: 'amd64', os.version: '6.1', java.version: '1.7.0_67'
Driver info: driver.version: FirefoxDriver
Session ID: 19f26ace-ba4e-4a03-912a-6786d1ae7940
Capabilities [{platform=WINDOWS, acceptSslCerts=true, javascriptEnabled=true, cssSelectorsEnabled=true, databaseEnabled=true, browserName=firefox, handlesAlerts=true, nativeEvents=false, webStorageEnabled=true, rotatable=false, locationContextEnabled=true, applicationCacheEnabled=true, takesScreenshot=true, version=46.0}]
	at org.openqa.selenium.remote.RemoteWebDriver.execute(RemoteWebDriver.java:665)
	at org.openqa.selenium.remote.RemoteWebDriver.execute(RemoteWebDriver.java:701)
	at org.openqa.selenium.firefox.FirefoxDriver.getScreenshotAs(FirefoxDriver.java:341)
	at com.webdriverfw.Libraries.BrowserLauncher.takeBrowserScreenshot(BrowserLauncher.java:67)
	at com.webdriverfw.Libraries.BrowserLauncher.takeScreenshot(BrowserLauncher.java:44)
	at com.webdriverfw.Libraries.QualitiaSelenium.wdTakeScreenshot(QualitiaSelenium.java:341)
	at com.webdriverfw.Libraries.QualitiaSelenium.takeScreenshot(QualitiaSelenium.java:333)
	at com.webdriverfw.Libraries.QualitiaTestCase.executeTestCase(QualitiaTestCase.java:585)
	at com.webdriverfw.Libraries.QualitiaTestCase.testTestCase(QualitiaTestCase.java:54)
	at sun.reflect.NativeMethodAccessorImpl.invoke0(Native Method)
	at sun.reflect.NativeMethodAccessorImpl.invoke(Unknown Source)
	at sun.reflect.DelegatingMethodAccessorImpl.invoke(Unknown Source)
	at java.lang.reflect.Method.invoke(Unknown Source)
	at org.junit.runners.model.FrameworkMethod$1.runReflectiveCall(FrameworkMethod.java:44)
	at org.junit.internal.runners.model.ReflectiveCallable.run(ReflectiveCallable.java:15)
	at org.junit.runners.model.FrameworkMethod.invokeExplosively(FrameworkMethod.java:41)
	at org.junit.internal.runners.statements.InvokeMethod.evaluate(InvokeMethod.java:20)
	at org.junit.internal.runners.statements.RunBefores.evaluate(RunBefores.java:28)
	at org.junit.internal.runners.statements.RunAfters.evaluate(RunAfters.java:31)
	at org.junit.runners.BlockJUnit4ClassRunner.runChild(BlockJUnit4ClassRunner.java:76)
	at org.junit.runners.BlockJUnit4ClassRunner.runChild(BlockJUnit4ClassRunner.java:50)
	at org.junit.runners.ParentRunner$3.run(ParentRunner.java:193)
	at org.junit.runners.ParentRunner$1.schedule(ParentRunner.java:52)
	at org.junit.runners.ParentRunner.runChildren(ParentRunner.java:191)
	at org.junit.runners.ParentRunner.access$000(ParentRunner.java:42)
	at org.junit.runners.ParentRunner$2.evaluate(ParentRunner.java:184)
	at org.junit.runners.ParentRunner.run(ParentRunner.java:236)
	at org.junit.runners.Suite.runChild(Suite.java:128)
	at org.junit.runners.Suite.runChild(Suite.java:24)
	at org.junit.runners.ParentRunner$3.run(ParentRunner.java:193)
	at org.junit.runners.ParentRunner$1.schedule(ParentRunner.java:52)
	at org.junit.runners.ParentRunner.runChildren(ParentRunner.java:191)
	at org.junit.runners.ParentRunner.access$000(ParentRunner.java:42)
	at org.junit.runners.ParentRunner$2.evaluate(ParentRunner.java:184)
	at org.junit.runners.ParentRunner.run(ParentRunner.java:236)
	at org.junit.runner.JUnitCore.run(JUnitCore.java:157)
	at org.junit.runner.JUnitCore.run(JUnitCore.java:136)
	at org.junit.runner.JUnitCore.run(JUnitCore.java:127)
	at org.junit.runner.JUnitCore.runClasses(JUnitCore.java:76)
	at com.webdriverfw.Driver.Controller.execute(Controller.java:1178)
	at com.webdriverfw.Driver.callController.executeOffline(callController.java:282)
	at com.webdriverfw.Driver.QualitiaOffline.webdriverExecution(QualitiaOffline.java:764)
	at com.webdriverfw.Driver.QualitiaOffline.main(QualitiaOffline.java:148)
Caused by: java.net.SocketTimeoutException: Read timed out
	at java.net.SocketInputStream.socketRead0(Native Method)
	at java.net.SocketInputStream.read(Unknown Source)
	at java.net.SocketInputStream.read(Unknown Source)
	at org.apache.http.impl.io.SessionInputBufferImpl.streamRead(SessionInputBufferImpl.java:139)
	at org.apache.http.impl.io.SessionInputBufferImpl.fillBuffer(SessionInputBufferImpl.java:155)
	at org.apache.http.impl.io.SessionInputBufferImpl.readLine(SessionInputBufferImpl.java:284)
	at org.apache.http.impl.conn.DefaultHttpResponseParser.parseHead(DefaultHttpResponseParser.java:140)
	at org.apache.http.impl.conn.DefaultHttpResponseParser.parseHead(DefaultHttpResponseParser.java:57)
	at org.apache.http.impl.io.AbstractMessageParser.parse(AbstractMessageParser.java:261)
	at org.apache.http.impl.DefaultBHttpClientConnection.receiveResponseHeader(DefaultBHttpClientConnection.java:165)
	at org.apache.http.impl.conn.CPoolProxy.receiveResponseHeader(CPoolProxy.java:167)
	at org.apache.http.protocol.HttpRequestExecutor.doReceiveResponse(HttpRequestExecutor.java:272)
	at org.apache.http.protocol.HttpRequestExecutor.execute(HttpRequestExecutor.java:124)
	at org.apache.http.impl.execchain.MainClientExec.execute(MainClientExec.java:271)
	at org.apache.http.impl.execchain.ProtocolExec.execute(ProtocolExec.java:184)
	at org.apache.http.impl.execchain.RetryExec.execute(RetryExec.java:88)
	at org.apache.http.impl.execchain.RedirectExec.execute(RedirectExec.java:110)
	at org.apache.http.impl.client.InternalHttpClient.doExecute(InternalHttpClient.java:184)
	at org.apache.http.impl.client.CloseableHttpClient.execute(CloseableHttpClient.java:71)
	at org.apache.http.impl.client.CloseableHttpClient.execute(CloseableHttpClient.java:55)
	at org.openqa.selenium.remote.internal.ApacheHttpClient.fallBackExecute(ApacheHttpClient.java:144)
	at org.openqa.selenium.remote.internal.ApacheHttpClient.execute(ApacheHttpClient.java:90)
	at org.openqa.selenium.remote.HttpCommandExecutor.execute(HttpCommandExecutor.java:142)
	at org.openqa.selenium.firefox.internal.NewProfileExtensionConnection.execute(NewProfileExtensionConnection.java:160)
	at org.openqa.selenium.firefox.FirefoxDriver$LazyCommandExecutor.execute(FirefoxDriver.java:380)
	at org.openqa.selenium.remote.RemoteWebDriver.execute(RemoteWebDriver.java:644)
	... 42 more
[20-10-16 05:22:45:045] DEBUG (QualitiaTestCase.java:1240) - Select Frames starts at ::10/20/2016 05:22:45 017
[20-10-16 05:22:45:045] DEBUG (QualitiaTestCase.java:1258) - Select Frames ends at ::10/20/2016 05:22:45 017
[20-10-16 05:22:45:045] WARN  (FwUtil.java:160) - Error in evaluating resolveSpecialCharactersAndVariables Value returned is null. Error Message=|Key JournalType_Value does not exist|
[20-10-16 05:22:45:045] DEBUG (QualitiaSelenium.java:329) - takeScreenshot >>webdriver
[20-10-16 09:24:31:031] ERROR (BrowserLauncher.java:86) - Webdriver failed to capture screen shot
org.openqa.selenium.remote.UnreachableBrowserException: Error communicating with the remote browser. It may have died.
Build info: version: '2.53.0', revision: '35ae25b', time: '2016-03-15 17:00:58'
System info: host: 'deinpuma1171', ip: '10.113.4.80', os.name: 'Windows 7', os.arch: 'amd64', os.version: '6.1', java.version: '1.7.0_67'
Driver info: driver.version: FirefoxDriver
Session ID: 19f26ace-ba4e-4a03-912a-6786d1ae7940
Capabilities [{platform=WINDOWS, acceptSslCerts=true, javascriptEnabled=true, cssSelectorsEnabled=true, databaseEnabled=true, browserName=firefox, handlesAlerts=true, nativeEvents=false, webStorageEnabled=true, rotatable=false, locationContextEnabled=true, applicationCacheEnabled=true, takesScreenshot=true, version=46.0}]
	at org.openqa.selenium.remote.RemoteWebDriver.execute(RemoteWebDriver.java:665)
	at org.openqa.selenium.remote.RemoteWebDriver.execute(RemoteWebDriver.java:701)
	at org.openqa.selenium.firefox.FirefoxDriver.getScreenshotAs(FirefoxDriver.java:341)
	at com.webdriverfw.Libraries.BrowserLauncher.takeBrowserScreenshot(BrowserLauncher.java:67)
	at com.webdriverfw.Libraries.BrowserLauncher.takeScreenshot(BrowserLauncher.java:44)
	at com.webdriverfw.Libraries.QualitiaSelenium.wdTakeScreenshot(QualitiaSelenium.java:341)
	at com.webdriverfw.Libraries.QualitiaSelenium.takeScreenshot(QualitiaSelenium.java:333)
	at com.webdriverfw.Libraries.QualitiaTestCase.executeTestCase(QualitiaTestCase.java:585)
	at com.webdriverfw.Libraries.QualitiaTestCase.testTestCase(QualitiaTestCase.java:54)
	at sun.reflect.NativeMethodAccessorImpl.invoke0(Native Method)
	at sun.reflect.NativeMethodAccessorImpl.invoke(Unknown Source)
	at sun.reflect.DelegatingMethodAccessorImpl.invoke(Unknown Source)
	at java.lang.reflect.Method.invoke(Unknown Source)
	at org.junit.runners.model.FrameworkMethod$1.runReflectiveCall(FrameworkMethod.java:44)
	at org.junit.internal.runners.model.ReflectiveCallable.run(ReflectiveCallable.java:15)
	at org.junit.runners.model.FrameworkMethod.invokeExplosively(FrameworkMethod.java:41)
	at org.junit.internal.runners.statements.InvokeMethod.evaluate(InvokeMethod.java:20)
	at org.junit.internal.runners.statements.RunBefores.evaluate(RunBefores.java:28)
	at org.junit.internal.runners.statements.RunAfters.evaluate(RunAfters.java:31)
	at org.junit.runners.BlockJUnit4ClassRunner.runChild(BlockJUnit4ClassRunner.java:76)
	at org.junit.runners.BlockJUnit4ClassRunner.runChild(BlockJUnit4ClassRunner.java:50)
	at org.junit.runners.ParentRunner$3.run(ParentRunner.java:193)
	at org.junit.runners.ParentRunner$1.schedule(ParentRunner.java:52)
	at org.junit.runners.ParentRunner.runChildren(ParentRunner.java:191)
	at org.junit.runners.ParentRunner.access$000(ParentRunner.java:42)
	at org.junit.runners.ParentRunner$2.evaluate(ParentRunner.java:184)
	at org.junit.runners.ParentRunner.run(ParentRunner.java:236)
	at org.junit.runners.Suite.runChild(Suite.java:128)
	at org.junit.runners.Suite.runChild(Suite.java:24)
	at org.junit.runners.ParentRunner$3.run(ParentRunner.java:193)
	at org.junit.runners.ParentRunner$1.schedule(ParentRunner.java:52)
	at org.junit.runners.ParentRunner.runChildren(ParentRunner.java:191)
	at org.junit.runners.ParentRunner.access$000(ParentRunner.java:42)
	at org.junit.runners.ParentRunner$2.evaluate(ParentRunner.java:184)
	at org.junit.runners.ParentRunner.run(ParentRunner.java:236)
	at org.junit.runner.JUnitCore.run(JUnitCore.java:157)
	at org.junit.runner.JUnitCore.run(JUnitCore.java:136)
	at org.junit.runner.JUnitCore.run(JUnitCore.java:127)
	at org.junit.runner.JUnitCore.runClasses(JUnitCore.java:76)
	at com.webdriverfw.Driver.Controller.execute(Controller.java:1178)
	at com.webdriverfw.Driver.callController.executeOffline(callController.java:282)
	at com.webdriverfw.Driver.QualitiaOffline.webdriverExecution(QualitiaOffline.java:764)
	at com.webdriverfw.Driver.QualitiaOffline.main(QualitiaOffline.java:148)
Caused by: java.net.SocketTimeoutException: Read timed out
	at java.net.SocketInputStream.socketRead0(Native Method)
	at java.net.SocketInputStream.read(Unknown Source)
	at java.net.SocketInputStream.read(Unknown Source)
	at org.apache.http.impl.io.SessionInputBufferImpl.streamRead(SessionInputBufferImpl.java:139)
	at org.apache.http.impl.io.SessionInputBufferImpl.fillBuffer(SessionInputBufferImpl.java:155)
	at org.apache.http.impl.io.SessionInputBufferImpl.readLine(SessionInputBufferImpl.java:284)
	at org.apache.http.impl.conn.DefaultHttpResponseParser.parseHead(DefaultHttpResponseParser.java:140)
	at org.apache.http.impl.conn.DefaultHttpResponseParser.parseHead(DefaultHttpResponseParser.java:57)
	at org.apache.http.impl.io.AbstractMessageParser.parse(AbstractMessageParser.java:261)
	at org.apache.http.impl.DefaultBHttpClientConnection.receiveResponseHeader(DefaultBHttpClientConnection.java:165)
	at org.apache.http.impl.conn.CPoolProxy.receiveResponseHeader(CPoolProxy.java:167)
	at org.apache.http.protocol.HttpRequestExecutor.doReceiveResponse(HttpRequestExecutor.java:272)
	at org.apache.http.protocol.HttpRequestExecutor.execute(HttpRequestExecutor.java:124)
	at org.apache.http.impl.execchain.MainClientExec.execute(MainClientExec.java:271)
	at org.apache.http.impl.execchain.ProtocolExec.execute(ProtocolExec.java:184)
	at org.apache.http.impl.execchain.RetryExec.execute(RetryExec.java:88)
	at org.apache.http.impl.execchain.RedirectExec.execute(RedirectExec.java:110)
	at org.apache.http.impl.client.InternalHttpClient.doExecute(InternalHttpClient.java:184)
	at org.apache.http.impl.client.CloseableHttpClient.execute(CloseableHttpClient.java:71)
	at org.apache.http.impl.client.CloseableHttpClient.execute(CloseableHttpClient.java:55)
	at org.openqa.selenium.remote.internal.ApacheHttpClient.fallBackExecute(ApacheHttpClient.java:144)
	at org.openqa.selenium.remote.internal.ApacheHttpClient.execute(ApacheHttpClient.java:90)
	at org.openqa.selenium.remote.HttpCommandExecutor.execute(HttpCommandExecutor.java:142)
	at org.openqa.selenium.firefox.internal.NewProfileExtensionConnection.execute(NewProfileExtensionConnection.java:160)
	at org.openqa.selenium.firefox.FirefoxDriver$LazyCommandExecutor.execute(FirefoxDriver.java:380)
	at org.openqa.selenium.remote.RemoteWebDriver.execute(RemoteWebDriver.java:644)
	... 42 more
[20-10-16 09:24:48:048] DEBUG (QualitiaTestCase.java:1240) - Select Frames starts at ::10/20/2016 09:24:48 768
[20-10-16 09:24:48:048] DEBUG (QualitiaTestCase.java:1258) - Select Frames ends at ::10/20/2016 09:24:48 768
[20-10-16 09:24:48:048] WARN  (FwUtil.java:160) - Error in evaluating resolveSpecialCharactersAndVariables Value returned is null. Error Message=|Key Associate_Value does not exist|
[20-10-16 09:24:48:048] DEBUG (QualitiaSelenium.java:329) - takeScreenshot >>webdriver
[20-10-16 12:24:48:048] ERROR (BrowserLauncher.java:86) - Webdriver failed to capture screen shot
org.openqa.selenium.remote.UnreachableBrowserException: Error communicating with the remote browser. It may have died.
Build info: version: '2.53.0', revision: '35ae25b', time: '2016-03-15 17:00:58'
System info: host: 'deinpuma1171', ip: '10.113.4.80', os.name: 'Windows 7', os.arch: 'amd64', os.version: '6.1', java.version: '1.7.0_67'
Driver info: driver.version: FirefoxDriver
Session ID: 19f26ace-ba4e-4a03-912a-6786d1ae7940
Capabilities [{platform=WINDOWS, acceptSslCerts=true, javascriptEnabled=true, cssSelectorsEnabled=true, databaseEnabled=true, browserName=firefox, handlesAlerts=true, nativeEvents=false, webStorageEnabled=true, rotatable=false, locationContextEnabled=true, applicationCacheEnabled=true, takesScreenshot=true, version=46.0}]
	at org.openqa.selenium.remote.RemoteWebDriver.execute(RemoteWebDriver.java:665)
	at org.openqa.selenium.remote.RemoteWebDriver.execute(RemoteWebDriver.java:701)
	at org.openqa.selenium.firefox.FirefoxDriver.getScreenshotAs(FirefoxDriver.java:341)
	at com.webdriverfw.Libraries.BrowserLauncher.takeBrowserScreenshot(BrowserLauncher.java:67)
	at com.webdriverfw.Libraries.BrowserLauncher.takeScreenshot(BrowserLauncher.java:44)
	at com.webdriverfw.Libraries.QualitiaSelenium.wdTakeScreenshot(QualitiaSelenium.java:341)
	at com.webdriverfw.Libraries.QualitiaSelenium.takeScreenshot(QualitiaSelenium.java:333)
	at com.webdriverfw.Libraries.QualitiaTestCase.executeTestCase(QualitiaTestCase.java:585)
	at com.webdriverfw.Libraries.QualitiaTestCase.testTestCase(QualitiaTestCase.java:54)
	at sun.reflect.NativeMethodAccessorImpl.invoke0(Native Method)
	at sun.reflect.NativeMethodAccessorImpl.invoke(Unknown Source)
	at sun.reflect.DelegatingMethodAccessorImpl.invoke(Unknown Source)
	at java.lang.reflect.Method.invoke(Unknown Source)
	at org.junit.runners.model.FrameworkMethod$1.runReflectiveCall(FrameworkMethod.java:44)
	at org.junit.internal.runners.model.ReflectiveCallable.run(ReflectiveCallable.java:15)
	at org.junit.runners.model.FrameworkMethod.invokeExplosively(FrameworkMethod.java:41)
	at org.junit.internal.runners.statements.InvokeMethod.evaluate(InvokeMethod.java:20)
	at org.junit.internal.runners.statements.RunBefores.evaluate(RunBefores.java:28)
	at org.junit.internal.runners.statements.RunAfters.evaluate(RunAfters.java:31)
	at org.junit.runners.BlockJUnit4ClassRunner.runChild(BlockJUnit4ClassRunner.java:76)
	at org.junit.runners.BlockJUnit4ClassRunner.runChild(BlockJUnit4ClassRunner.java:50)
	at org.junit.runners.ParentRunner$3.run(ParentRunner.java:193)
	at org.junit.runners.ParentRunner$1.schedule(ParentRunner.java:52)
	at org.junit.runners.ParentRunner.runChildren(ParentRunner.java:191)
	at org.junit.runners.ParentRunner.access$000(ParentRunner.java:42)
	at org.junit.runners.ParentRunner$2.evaluate(ParentRunner.java:184)
	at org.junit.runners.ParentRunner.run(ParentRunner.java:236)
	at org.junit.runners.Suite.runChild(Suite.java:128)
	at org.junit.runners.Suite.runChild(Suite.java:24)
	at org.junit.runners.ParentRunner$3.run(ParentRunner.java:193)
	at org.junit.runners.ParentRunner$1.schedule(ParentRunner.java:52)
	at org.junit.runners.ParentRunner.runChildren(ParentRunner.java:191)
	at org.junit.runners.ParentRunner.access$000(ParentRunner.java:42)
	at org.junit.runners.ParentRunner$2.evaluate(ParentRunner.java:184)
	at org.junit.runners.ParentRunner.run(ParentRunner.java:236)
	at org.junit.runner.JUnitCore.run(JUnitCore.java:157)
	at org.junit.runner.JUnitCore.run(JUnitCore.java:136)
	at org.junit.runner.JUnitCore.run(JUnitCore.java:127)
	at org.junit.runner.JUnitCore.runClasses(JUnitCore.java:76)
	at com.webdriverfw.Driver.Controller.execute(Controller.java:1178)
	at com.webdriverfw.Driver.callController.executeOffline(callController.java:282)
	at com.webdriverfw.Driver.QualitiaOffline.webdriverExecution(QualitiaOffline.java:764)
	at com.webdriverfw.Driver.QualitiaOffline.main(QualitiaOffline.java:148)
Caused by: java.net.SocketTimeoutException: Read timed out
	at java.net.SocketInputStream.socketRead0(Native Method)
	at java.net.SocketInputStream.read(Unknown Source)
	at java.net.SocketInputStream.read(Unknown Source)
	at org.apache.http.impl.io.SessionInputBufferImpl.streamRead(SessionInputBufferImpl.java:139)
	at org.apache.http.impl.io.SessionInputBufferImpl.fillBuffer(SessionInputBufferImpl.java:155)
	at org.apache.http.impl.io.SessionInputBufferImpl.readLine(SessionInputBufferImpl.java:284)
	at org.apache.http.impl.conn.DefaultHttpResponseParser.parseHead(DefaultHttpResponseParser.java:140)
	at org.apache.http.impl.conn.DefaultHttpResponseParser.parseHead(DefaultHttpResponseParser.java:57)
	at org.apache.http.impl.io.AbstractMessageParser.parse(AbstractMessageParser.java:261)
	at org.apache.http.impl.DefaultBHttpClientConnection.receiveResponseHeader(DefaultBHttpClientConnection.java:165)
	at org.apache.http.impl.conn.CPoolProxy.receiveResponseHeader(CPoolProxy.java:167)
	at org.apache.http.protocol.HttpRequestExecutor.doReceiveResponse(HttpRequestExecutor.java:272)
	at org.apache.http.protocol.HttpRequestExecutor.execute(HttpRequestExecutor.java:124)
	at org.apache.http.impl.execchain.MainClientExec.execute(MainClientExec.java:271)
	at org.apache.http.impl.execchain.ProtocolExec.execute(ProtocolExec.java:184)
	at org.apache.http.impl.execchain.RetryExec.execute(RetryExec.java:88)
	at org.apache.http.impl.execchain.RedirectExec.execute(RedirectExec.java:110)
	at org.apache.http.impl.client.InternalHttpClient.doExecute(InternalHttpClient.java:184)
	at org.apache.http.impl.client.CloseableHttpClient.execute(CloseableHttpClient.java:71)
	at org.apache.http.impl.client.CloseableHttpClient.execute(CloseableHttpClient.java:55)
	at org.openqa.selenium.remote.internal.ApacheHttpClient.fallBackExecute(ApacheHttpClient.java:144)
	at org.openqa.selenium.remote.internal.ApacheHttpClient.execute(ApacheHttpClient.java:90)
	at org.openqa.selenium.remote.HttpCommandExecutor.execute(HttpCommandExecutor.java:142)
	at org.openqa.selenium.firefox.internal.NewProfileExtensionConnection.execute(NewProfileExtensionConnection.java:160)
	at org.openqa.selenium.firefox.FirefoxDriver$LazyCommandExecutor.execute(FirefoxDriver.java:380)
	at org.openqa.selenium.remote.RemoteWebDriver.execute(RemoteWebDriver.java:644)
	... 42 more
[20-10-16 12:24:49:049] DEBUG (QualitiaTestCase.java:942) - getStatusString() i <<1>>
[20-10-16 12:24:49:049] DEBUG (CONSTANTS.java:127) - Status Map >>0
[20-10-16 12:24:49:049] DEBUG (CONSTANTS.java:127) - Status Map >>1
[20-10-16 12:24:49:049] DEBUG (CONSTANTS.java:127) - Status Map >>2
[20-10-16 12:24:49:049] DEBUG (CONSTANTS.java:127) - Status Map >>-1
[20-10-16 12:24:49:049] DEBUG (CIHandler.java:116) - Qualitia test case:TC_LA_01_Verify new Job login over Journal Dashboard. Status:1.TC_LA_01_Verify new Job login over Journal Dashboard1
[20-10-16 12:24:50:050] DEBUG (Controller.java:1198) - After running QualitiaTestCase.class
[20-10-16 12:24:50:050] DEBUG (Controller.java:1291) - Calling updateSummary() method to update browser version into DB as well as summary xml
[20-10-16 12:24:51:051] DEBUG (Controller.java:1302) - QualitiaSelenium.getOS() >>Windows
[20-10-16 12:24:51:051] DEBUG (Controller.java:1303) - QualitiaSelenium.getOsVersion() >>Windows 7
[20-10-16 12:24:51:051] DEBUG (Controller.java:1306) - Print os info
[20-10-16 12:24:51:051] DEBUG (SauceLabsDataHolder.java:49) - getSauceLabsDataHolder()++
[20-10-16 12:24:51:051] DEBUG (SauceLabsDataHolder.java:56) - getSauceLabsDataHolder()-- SauceLabsDataHolder object is already created, returning old object reference.
[20-10-16 12:24:51:051] DEBUG (Controller.java:1326) - End updateSummary()
[20-10-16 12:24:51:051] DEBUG (callController.java:317) - 
******************************************************************************************************
**************************** Qualitia Execution Core Engine Shut Down *********************************
******************************************************************************************************



[20-10-16 12:24:51:051] DEBUG (callController.java:331) - Before closeReportTxt.
[20-10-16 12:24:51:051] DEBUG (callController.java:333) - After closeReportTxt.
[20-10-16 12:24:51:051] DEBUG (callController.java:342) - Before closeDebugAndExecLogs()
[20-10-16 12:24:51:051] DEBUG (callController.java:344) - After closeDebugAndExecLogs()
[20-10-16 12:24:51:051] DEBUG (SnapshotWriter.java:47) - END of queue >>true
[20-10-16 12:24:51:051] DEBUG (SnapshotWriter.java:47) - END of queue >>true
[20-10-16 12:24:52:052] DEBUG (QualitiaOffline.java:1227) - Report.txt path >>C:\ProgramData\Qualitia\Logs\deinpuma1171\admin\manuscript\1.01\1.01\IterationNumber_108/report.txt
[20-10-16 12:24:52:052] DEBUG (QualitiaOffline.java:1255) - Start Merge
[20-10-16 12:24:52:052] DEBUG (QualitiaOffline.java:1309) - End Merge
[20-10-16 12:24:52:052] DEBUG (QualitiaOffline.java:1310) - Start Copy File
[20-10-16 12:24:52:052] DEBUG (QualitiaOffline.java:1314) - End Copy File
[20-10-16 12:24:52:052] INFO  (CIHandler.java:65) - Properties published to <<./qer.properties>>
This file is used by jenkins or hudson with EnvInject plugin.
You can use the report path with the HTML publish plugin and 
other parameters can be used in your scripts
qualitiareportpath=C:\ProgramData\Qualitia\Logs\deinpuma1171\admin\manuscript\1.01\1.01\IterationNumber_108
FAIL_COUNT=1
NE_COUNT=0
PASS_COUNT=0
DEFECT_COUNT=0
TEST_COUNT=1
reportfilename=SummaryReport.html

